<?xml version="1.0" encoding="UTF-8"?>
<!-- Generated by org.testng.reporters.JUnitReportReporter -->
<testsuite hostname="ASWIN" failures="0" tests="1" name="project.PIM" time="14.204" errors="0" timestamp="2023-05-10T11:58:35 IST" skipped="0">
  <testcase classname="project.PIM" name="addemployee" time="14.204"/>
  <system-out/>
</testsuite> <!-- project.PIM -->
